IPDL protocol error: Handler returned error code!

###!!! [Parent][DispatchAsyncMessage] Error: PLayerTransaction::Msg_ReleaseLayer Processing error: message was deserialized, but the handler returned false (indicating failure)

[Parent 3159, Gecko_IOThread] WARNING: pipe error (118): Connection reset by peer: file /build/firefox-EYLW8k/firefox-69.0.2+build1/ipc/chromium/src/chrome/common/ipc_channel_posix.cc, line 358

###!!! [Parent][RunMessage] Error: Channel closing: too late to send/recv, messages will be lost


(/usr/lib/firefox/firefox:4064): dconf-WARNING **: 21:39:40.681: Unable to open /var/lib/snapd/desktop/dconf/profile/user: Permission denied

###!!! [Parent][MessageChannel] Error: (msgtype=0x36006B,name=PContent::Msg_SuspendInputEventQueue) Channel error: cannot send/recv


###!!! [Parent][MessageChannel] Error: (msgtype=0x360069,name=PContent::Msg_FlushInputEventQueue) Channel error: cannot send/recv


###!!! [Parent][MessageChannel] Error: (msgtype=0x36006A,name=PContent::Msg_ResumeInputEventQueue) Channel error: cannot send/recv


###!!! [Parent][MessageChannel] Error: (msgtype=0x36004B,name=PContent::Msg_Shutdown) Channel error: cannot send/recv


###!!! [Parent][MessageChannel] Error: (msgtype=0x54001B,name=PHttpChannel::Msg_DeleteSelf) Channel error: cannot send/recv


###!!! [Child][RunMessage] Error: Channel closing: too late to send/recv, messages will be lost


###!!! [Child][RunMessage] Error: Channel closing: too late to send/recv, messages will be lost


###!!! [Child][RunMessage] Error: Channel closing: too late to send/recv, messages will be lost


###!!! [Child][RunMessage] Error: Channel closing: too late to send/recv, messages will be lost


###!!! [Child][RunMessage] Error: Channel closing: too late to send/recv, messages will be lost


###!!! [Child][RunMessage] Error: Channel closing: too late to send/recv, messages will be lost


###!!! [Parent][RunMessage] Error: Channel closing: too late to send/recv, messages will be lost

[Parent 5945, Gecko_IOThread] WARNING: pipe error (65): Connection reset by peer: file /build/firefox-EYLW8k/firefox-69.0.2+build1/ipc/chromium/src/chrome/common/ipc_channel_posix.cc, line 358
[Parent 5945, Gecko_IOThread] WARNING: pipe error (143): Connection reset by peer: file /build/firefox-EYLW8k/firefox-69.0.2+build1/ipc/chromium/src/chrome/common/ipc_channel_posix.cc, line 358
Gdk-Message: 00:10:32.598: firefox: Fatal IO error 11 (Resource temporarily unavailable) on X server :0.

